<?xml version="1.0" encoding="UTF-8"?>
<!-- Generated by org.testng.reporters.JUnitReportReporter -->
<testsuite hostname="LAPTOP-VPD2VMP9" failures="0" tests="1" name="com.gorest.qa.tests.ReqResTest" time="0.102" errors="0" timestamp="2024-05-25T16:41:04 IST" skipped="0">
  <testcase classname="com.gorest.qa.tests.ReqResTest" name="getAllUserFromReqRes" time="0.102"/>
  <system-out/>
</testsuite> <!-- com.gorest.qa.tests.ReqResTest -->
