<?xml version="1.0" encoding="UTF-8"?>
<!-- Generated by org.testng.reporters.JUnitReportReporter -->
<testsuite hostname="LAPTOP-VPD2VMP9" failures="0" tests="3" name="com.gorest.qa.tests.GetTest" time="12.025" errors="0" timestamp="2024-05-26T09:45:47 IST" skipped="0">
  <testcase classname="com.gorest.qa.tests.GetTest" name="getAllUserData" time="7.182"/>
  <system-out/>
  <testcase classname="com.gorest.qa.tests.GetTest" name="getUserQueryParams" time="3.259"/>
  <system-out/>
  <testcase classname="com.gorest.qa.tests.GetTest" name="getSingleUser" time="1.584"/>
  <system-out/>
</testsuite> <!-- com.gorest.qa.tests.GetTest -->
