<?xml version="1.0" encoding="UTF-8"?>
<!-- Generated by org.testng.reporters.JUnitReportReporter -->
<testsuite hostname="LAPTOP-VPD2VMP9" failures="0" tests="1" name="com.gorest.qa.tests.EndToEndTest" time="6.419" errors="0" timestamp="2024-05-25T10:16:56 IST" skipped="0">
  <testcase classname="com.gorest.qa.tests.EndToEndTest" name="createSingleUser" time="6.419"/>
  <system-out/>
</testsuite> <!-- com.gorest.qa.tests.EndToEndTest -->
