<?xml version="1.0" encoding="UTF-8"?>
<!-- Generated by org.testng.reporters.JUnitReportReporter -->
<testsuite hostname="LAPTOP-VPD2VMP9" failures="0" tests="3" name="com.gorest.qa.tests.PostTest" time="7.219" errors="0" timestamp="2024-05-26T10:07:01 IST" skipped="1">
  <testcase classname="com.gorest.qa.tests.PostTest" name="createSingleExcelUser" time="4.077"/>
  <system-out/>
  <testcase classname="com.gorest.qa.tests.PostTest" name="createSingleExcelUser" time="3.142"/>
  <system-out/>
  <testcase classname="com.gorest.qa.tests.PostTest" name="createSingleUser">
    <skipped/>
  </testcase> <!-- createSingleUser -->
  <system-out/>
</testsuite> <!-- com.gorest.qa.tests.PostTest -->
