<?xml version="1.0" encoding="UTF-8"?>
<!-- Generated by org.testng.reporters.JUnitReportReporter -->
<testsuite hostname="LAPTOP-VPD2VMP9" failures="0" tests="3" name="com.gorest.qa.tests.PostTest" time="7.706" errors="0" timestamp="2024-05-26T10:42:26 IST" skipped="1">
  <testcase classname="com.gorest.qa.tests.PostTest" name="createSingleExcelUser" time="3.301"/>
  <testcase classname="com.gorest.qa.tests.PostTest" name="createSingleExcelUser" time="4.405"/>
  <testcase classname="com.gorest.qa.tests.PostTest" name="createSingleUser">
    <skipped/>
  </testcase> <!-- createSingleUser -->
</testsuite> <!-- com.gorest.qa.tests.PostTest -->
